<?xml version="1.0" encoding="UTF-8"?>
<!-- Generated by org.testng.reporters.JUnitReportReporter -->
<testsuite hostname="DESKTOP-ICGBU50" failures="0" tests="4" name="com.tutorialsninja.testcases.LoginTest" time="30.605" errors="0" timestamp="2024-02-10T23:31:32 PST" skipped="0">
  <testcase classname="com.tutorialsninja.testcases.LoginTest" name="verifyLoginWithoutGivingCredentials" time="6.415"/>
  <system-out/>
  <testcase classname="com.tutorialsninja.testcases.LoginTest" name="verifyLoginWithValidEmailAndInvalidPassword" time="6.373"/>
  <system-out/>
  <testcase classname="com.tutorialsninja.testcases.LoginTest" name="verifyLoginWithInvalidCredentials" time="7.053"/>
  <system-out/>
  <testcase classname="com.tutorialsninja.testcases.LoginTest" name="verifyLoginWithValidCredentials" time="10.764"/>
  <system-out/>
</testsuite> <!-- com.tutorialsninja.testcases.LoginTest -->
