<?xml version="1.0" encoding="UTF-8"?>
<!-- Generated by org.testng.reporters.JUnitReportReporter -->
<testsuite hostname="DESKTOP-ICGBU50" failures="0" tests="1" name="sampleseleniumtests.HadlingPopupWindowsAndAlerts" time="5.120" errors="0" timestamp="2024-03-06T13:03:29 PST" skipped="0">
  <testcase classname="sampleseleniumtests.HadlingPopupWindowsAndAlerts" name="handleAlertBox" time="5.120"/>
  <system-out/>
</testsuite> <!-- sampleseleniumtests.HadlingPopupWindowsAndAlerts -->
