<?xml version="1.0" encoding="UTF-8"?>
<!-- Generated by org.testng.reporters.JUnitReportReporter -->
<testsuite hostname="DESKTOP-ICGBU50" failures="0" tests="1" name="sampleseleniumtests.DateAndTimePickerHandling" time="46.750" errors="0" timestamp="2024-03-06T23:13:02 PST" skipped="0">
  <testcase classname="sampleseleniumtests.DateAndTimePickerHandling" name="selectDateAndTime" time="46.750"/>
  <system-out/>
</testsuite> <!-- sampleseleniumtests.DateAndTimePickerHandling -->
