<?xml version="1.0" encoding="UTF-8"?>
<!-- Generated by org.testng.reporters.JUnitReportReporter -->
<testsuite hostname="DESKTOP-ICGBU50" failures="0" tests="2" name="com.tutorialsninja.testcases.SearchTest" time="10.513" errors="0" timestamp="2024-02-10T23:31:32 PST" skipped="0">
  <testcase classname="com.tutorialsninja.testcases.SearchTest" name="searchWithValidProduct" time="5.294"/>
  <system-out/>
  <testcase classname="com.tutorialsninja.testcases.SearchTest" name="searchWithInvalidProduct" time="5.219"/>
  <system-out/>
</testsuite> <!-- com.tutorialsninja.testcases.SearchTest -->
