<?xml version="1.0" encoding="UTF-8"?>
<!-- Generated by org.testng.reporters.JUnitReportReporter -->
<testsuite hostname="DESKTOP-ICGBU50" failures="0" tests="1" name="sampleseleniumtests.HadlingPopupWindowsAndAlerts" time="20.497" errors="0" timestamp="2024-03-05T11:11:37 PST" skipped="0">
  <testcase classname="sampleseleniumtests.HadlingPopupWindowsAndAlerts" name="handleEntryAd" time="20.497"/>
  <system-out/>
</testsuite> <!-- sampleseleniumtests.HadlingPopupWindowsAndAlerts -->
